<?xml version="1.0" encoding="UTF-8"?>
<testng-results skipped="0" failed="0" ignored="0" total="2" passed="2">
  <reporter-output>
  </reporter-output>
  <suite name="Default suite" duration-ms="19972" started-at="2019-02-08T22:11:12Z" finished-at="2019-02-08T22:11:32Z">
    <groups>
    </groups>
    <test name="Default test" duration-ms="19972" started-at="2019-02-08T22:11:12Z" finished-at="2019-02-08T22:11:32Z">
      <class name="com.demoaut.newtours.Mavendemo.BookTicketTest">
        <test-method status="PASS" signature="openBrowser()[pri:0, instance:com.demoaut.newtours.Mavendemo.BookTicketTest@1e88b3c]" name="openBrowser" is-config="true" duration-ms="4871" started-at="2019-02-08T22:11:12Z" finished-at="2019-02-08T22:11:17Z">
          <reporter-output>
          </reporter-output>
        </test-method> <!-- openBrowser -->
        <test-method status="PASS" signature="TicketBooking()[pri:0, instance:com.demoaut.newtours.Mavendemo.BookTicketTest@1e88b3c]" name="TicketBooking" duration-ms="6635" started-at="2019-02-08T22:11:17Z" finished-at="2019-02-08T22:11:24Z">
          <reporter-output>
          </reporter-output>
        </test-method> <!-- TicketBooking -->
        <test-method status="PASS" signature="closeBrowser()[pri:0, instance:com.demoaut.newtours.Mavendemo.BookTicketTest@1e88b3c]" name="closeBrowser" is-config="true" duration-ms="52" started-at="2019-02-08T22:11:24Z" finished-at="2019-02-08T22:11:24Z">
          <reporter-output>
          </reporter-output>
        </test-method> <!-- closeBrowser -->
      </class> <!-- com.demoaut.newtours.Mavendemo.BookTicketTest -->
      <class name="com.demoaut.newtours.Mavendemo.ValidateUser">
        <test-method status="PASS" signature="openBrowser()[pri:0, instance:com.demoaut.newtours.Mavendemo.ValidateUser@42d80b78]" name="openBrowser" is-config="true" duration-ms="4059" started-at="2019-02-08T22:11:24Z" finished-at="2019-02-08T22:11:28Z">
          <reporter-output>
          </reporter-output>
        </test-method> <!-- openBrowser -->
        <test-method status="PASS" signature="UserValidation()[pri:0, instance:com.demoaut.newtours.Mavendemo.ValidateUser@42d80b78]" name="UserValidation" duration-ms="4285" started-at="2019-02-08T22:11:28Z" finished-at="2019-02-08T22:11:32Z">
          <reporter-output>
          </reporter-output>
        </test-method> <!-- UserValidation -->
        <test-method status="PASS" signature="closeBrowser()[pri:0, instance:com.demoaut.newtours.Mavendemo.ValidateUser@42d80b78]" name="closeBrowser" is-config="true" duration-ms="48" started-at="2019-02-08T22:11:32Z" finished-at="2019-02-08T22:11:32Z">
          <reporter-output>
          </reporter-output>
        </test-method> <!-- closeBrowser -->
      </class> <!-- com.demoaut.newtours.Mavendemo.ValidateUser -->
    </test> <!-- Default test -->
  </suite> <!-- Default suite -->
</testng-results>
