<?xml version="1.0" encoding="UTF-8"?>
<!-- Generated by org.testng.reporters.JUnitXMLReporter -->
<testsuite hostname="LAPTOP-UOPT8SS9" ignored="0" name="Default test" tests="2" failures="0" timestamp="08 Feb 2019 22:11:32 GMT" time="19.972" errors="0">
  <testcase name="TicketBooking" time="6.635" classname="com.demoaut.newtours.Mavendemo.BookTicketTest"/>
  <testcase name="UserValidation" time="4.285" classname="com.demoaut.newtours.Mavendemo.ValidateUser"/>
</testsuite> <!-- Default test -->
